<?xml version="1.0" encoding="UTF-8"?>
<testng-results skipped="0" failed="0" ignored="0" total="1" passed="1">
  <reporter-output>
  </reporter-output>
  <suite name="Suite" duration-ms="94" started-at="2020-03-13T23:47:19 IST" finished-at="2020-03-13T23:47:19 IST">
    <groups>
    </groups>
    <test name="Test" duration-ms="94" started-at="2020-03-13T23:47:19 IST" finished-at="2020-03-13T23:47:19 IST">
      <class name="Test_GroupID.Test_ART_ID.App">
        <test-method status="PASS" signature="test1()[pri:0, instance:Test_GroupID.Test_ART_ID.App@7d907bac]" name="test1" duration-ms="20" started-at="2020-03-13T23:47:19 IST" finished-at="2020-03-13T23:47:19 IST">
          <reporter-output>
          </reporter-output>
        </test-method> <!-- test1 -->
      </class> <!-- Test_GroupID.Test_ART_ID.App -->
    </test> <!-- Test -->
  </suite> <!-- Suite -->
</testng-results>
